Build started 2017/3/8 星期三 0:46:23.
     1>Project "E:\PortableGit\CS-3113-yz1116\HW03\NYUCodebase\NYUCodebase.vcxproj" on node 2 (Build target(s)).
     1>ClCompile:
         E:\Microsoft Visual Studio 12.0\VC\bin\CL.exe /c /IC:\SDL2\include /IC:\SDL2_image\include /IC:\glew\include /IC:\SDL2_mixer\include /ZI /nologo /W3 /WX- /sdl /Od /Oy- /D _WINDOWS /D _MBCS /D _MBCS /Gm /EHsc /RTC1 /MDd /GS /fp:precise /Zc:wchar_t /Zc:forScope /Fo"Debug\\" /Fd"Debug\vc120.pdb" /Gd /TP /analyze- /errorReport:prompt main.cpp Matrix.cpp ShaderProgram.cpp
         ShaderProgram.cpp
         Matrix.cpp
     1>e:\portablegit\cs-3113-yz1116\hw03\nyucodebase\matrix.cpp(213): warning C4244: 'argument' : conversion from 'double' to 'float', possible loss of data
     1>e:\portablegit\cs-3113-yz1116\hw03\nyucodebase\matrix.cpp(214): warning C4244: 'argument' : conversion from 'double' to 'float', possible loss of data
         main.cpp
     1>e:\portablegit\cs-3113-yz1116\hw03\nyucodebase\main.cpp(297): warning C4018: '<' : signed/unsigned mismatch
     1>e:\portablegit\cs-3113-yz1116\hw03\nyucodebase\main.cpp(351): warning C4244: 'argument' : conversion from 'time_t' to 'unsigned int', possible loss of data
     1>e:\portablegit\cs-3113-yz1116\hw03\nyucodebase\main.cpp(376): warning C4244: 'argument' : conversion from 'double' to 'float', possible loss of data
         Generating Code...
       Link:
         E:\Microsoft Visual Studio 12.0\VC\bin\link.exe /ERRORREPORT:PROMPT /OUT:"E:\PortableGit\CS-3113-yz1116\HW03\Debug\NYUCodebase.exe" /INCREMENTAL /NOLOGO /LIBPATH:C:\SDL2_mixer\lib\x86 /LIBPATH:C:\SDL2\lib\x86 /LIBPATH:C:\SDL2_image\lib\x86 /LIBPATH:C:\glew\lib\Release\Win32 SDL2.lib SDL2_mixer.lib glew32.lib SDL2main.lib SDL2_image.lib OpenGL32.lib /MANIFEST /MANIFESTUAC:"level='asInvoker' uiAccess='false'" /manifest:embed /DEBUG /PDB:"E:\PortableGit\CS-3113-yz1116\HW03\Debug\NYUCodebase.pdb" /SUBSYSTEM:WINDOWS /TLBID:1 /DYNAMICBASE /NXCOMPAT /IMPLIB:"E:\PortableGit\CS-3113-yz1116\HW03\Debug\NYUCodebase.lib" /MACHINE:X86 Debug\main.obj
         Debug\Matrix.obj
         Debug\ShaderProgram.obj
         NYUCodebase.vcxproj -> E:\PortableGit\CS-3113-yz1116\HW03\Debug\NYUCodebase.exe
     1>Done Building Project "E:\PortableGit\CS-3113-yz1116\HW03\NYUCodebase\NYUCodebase.vcxproj" (Build target(s)).

Build succeeded.

Time Elapsed 00:00:02.27
